2026-01-20 12:35:20,636 WARN  traceId=, spanId= [org.hib.val.int.met.agg.CascadingMetaDataBuilder] (Quarkus Main Thread) HV000271: Using `@Valid` on a container (java.util.List) is deprecated. You should apply the annotation on the type argument(s). Affected element: content
2026-01-20 12:35:20,800 WARN  traceId=, spanId= [io.qua.config] (Quarkus Main Thread) The "quarkus.log.file.enable" config property is deprecated and should not be used anymore.
2026-01-20 12:35:20,800 WARN  traceId=, spanId= [io.qua.config] (Quarkus Main Thread) The "quarkus.hibernate-orm.database.generation" config property is deprecated and should not be used anymore.
2026-01-20 12:35:21,857 INFO  traceId=, spanId= [io.quarkus] (Quarkus Main Thread) ms_product 1.0.0-SNAPSHOT on JVM (powered by Quarkus 3.30.6) started in 5.521s. Listening on: http://localhost:8086
2026-01-20 12:35:21,859 INFO  traceId=, spanId= [io.quarkus] (Quarkus Main Thread) Profile dev activated. Live Coding activated.
2026-01-20 12:35:21,859 INFO  traceId=, spanId= [io.quarkus] (Quarkus Main Thread) Installed features: [agroal, cdi, compose, hibernate-orm, hibernate-orm-panache, hibernate-validator, jdbc-postgresql, micrometer, narayana-jta, opentelemetry, rest, rest-client, rest-client-jackson, rest-jackson, smallrye-context-propagation, smallrye-openapi, swagger-ui, vertx]
2026-01-20 12:35:44,176 ERROR traceId=0e36bbeb8c5f35c29ed51b8ec5cef03b, spanId=564121c9ca3d4050 [org.mpr.han.GlobalExceptionHandler] (vert.x-eventloop-thread-3) Error no manejado en la aplicación: : jakarta.ws.rs.NotFoundException: HTTP 404 Not Found
	at org.jboss.resteasy.reactive.server.handlers.RestInitialHandler.handle(RestInitialHandler.java:70)
	at io.quarkus.resteasy.reactive.server.runtime.QuarkusResteasyReactiveRequestContext.invokeHandler(QuarkusResteasyReactiveRequestContext.java:163)
	at org.jboss.resteasy.reactive.common.core.AbstractResteasyReactiveContext.run(AbstractResteasyReactiveContext.java:147)
	at org.jboss.resteasy.reactive.server.handlers.RestInitialHandler.beginProcessing(RestInitialHandler.java:48)
	at org.jboss.resteasy.reactive.server.vertx.ResteasyReactiveVertxHandler.handle(ResteasyReactiveVertxHandler.java:23)
	at org.jboss.resteasy.reactive.server.vertx.ResteasyReactiveVertxHandler.handle(ResteasyReactiveVertxHandler.java:10)
	at io.vertx.ext.web.impl.RouteState.handleContext(RouteState.java:1283)
	at io.vertx.ext.web.impl.RoutingContextImplBase.iterateNext(RoutingContextImplBase.java:177)
	at io.vertx.ext.web.impl.RoutingContextImpl.next(RoutingContextImpl.java:151)
	at io.quarkus.vertx.http.runtime.options.HttpServerCommonHandlers$1.handle(HttpServerCommonHandlers.java:62)
	at io.quarkus.vertx.http.runtime.options.HttpServerCommonHandlers$1.handle(HttpServerCommonHandlers.java:40)
	at io.vertx.ext.web.impl.RouteState.handleContext(RouteState.java:1283)
	at io.vertx.ext.web.impl.RoutingContextImplBase.iterateNext(RoutingContextImplBase.java:177)
	at io.vertx.ext.web.impl.RoutingContextImpl.next(RoutingContextImpl.java:151)
	at io.quarkus.resteasy.reactive.server.runtime.ResteasyReactiveRecorder$13.handle(ResteasyReactiveRecorder.java:381)
	at io.quarkus.resteasy.reactive.server.runtime.ResteasyReactiveRecorder$13.handle(ResteasyReactiveRecorder.java:370)
	at io.vertx.ext.web.impl.RouteState.handleContext(RouteState.java:1283)
	at io.vertx.ext.web.impl.RoutingContextImplBase.iterateNext(RoutingContextImplBase.java:177)
	at io.vertx.ext.web.impl.RoutingContextImpl.next(RoutingContextImpl.java:151)
	at io.quarkus.vertx.http.runtime.filters.accesslog.AccessLogHandler.handle(AccessLogHandler.java:164)
	at io.quarkus.vertx.http.runtime.filters.accesslog.AccessLogHandler.handle(AccessLogHandler.java:94)
	at io.vertx.ext.web.impl.RouteState.handleContext(RouteState.java:1283)
	at io.vertx.ext.web.impl.RoutingContextImplBase.iterateNext(RoutingContextImplBase.java:177)
	at io.vertx.ext.web.impl.RoutingContextImpl.next(RoutingContextImpl.java:151)
	at io.quarkus.vertx.http.runtime.devmode.VertxHttpHotReplacementSetup$5.handle(VertxHttpHotReplacementSetup.java:206)
	at io.quarkus.vertx.http.runtime.devmode.VertxHttpHotReplacementSetup$5.handle(VertxHttpHotReplacementSetup.java:194)
	at io.vertx.core.impl.future.FutureImpl$4.onSuccess(FutureImpl.java:176)
	at io.vertx.core.impl.future.FutureBase.lambda$emitSuccess$0(FutureBase.java:60)
	at io.netty.util.concurrent.AbstractEventExecutor.runTask(AbstractEventExecutor.java:173)
	at io.netty.util.concurrent.AbstractEventExecutor.safeExecute(AbstractEventExecutor.java:166)
	at io.netty.util.concurrent.SingleThreadEventExecutor.runAllTasks(SingleThreadEventExecutor.java:472)
	at io.netty.channel.nio.NioEventLoop.run(NioEventLoop.java:569)
	at io.netty.util.concurrent.SingleThreadEventExecutor$4.run(SingleThreadEventExecutor.java:998)
	at io.netty.util.internal.ThreadExecutorMap$2.run(ThreadExecutorMap.java:74)
	at io.netty.util.concurrent.FastThreadLocalRunnable.run(FastThreadLocalRunnable.java:30)
	at java.base/java.lang.Thread.run(Thread.java:1583)

2026-01-20 12:35:55,105 TRACE traceId=6ddf3ede7b66efd90e34c523a2d2ab7d, spanId=ba39ef5b93864249 [org.hib.orm.jdb.bind] (executor-thread-1) binding parameter (1:INTEGER) <- [0]
2026-01-20 12:35:55,110 TRACE traceId=6ddf3ede7b66efd90e34c523a2d2ab7d, spanId=ba39ef5b93864249 [org.hib.orm.jdb.bind] (executor-thread-1) binding parameter (2:INTEGER) <- [2]
2026-01-20 12:35:56,902 TRACE traceId=17a569f0631095e7083d1af7dc953511, spanId=c69c2fab6e501f5b [org.hib.orm.jdb.bind] (executor-thread-1) binding parameter (1:INTEGER) <- [0]
2026-01-20 12:35:56,904 TRACE traceId=17a569f0631095e7083d1af7dc953511, spanId=c69c2fab6e501f5b [org.hib.orm.jdb.bind] (executor-thread-1) binding parameter (2:INTEGER) <- [2]
